[2020-07-06 05:11:20] merlin-logger.DEBUG: The welcome step has been displayed [] []
[2020-07-06 05:11:29] merlin-logger.DEBUG: The plugin installation step has been displayed [] []
[2020-07-06 05:11:41] merlin-logger.DEBUG: A plugin with the following data will be processed {"plugin_slug":"jetpack","message":"Installing"} []
[2020-07-06 05:13:29] merlin-logger.DEBUG: A plugin with the following data will be processed {"plugin_slug":"jetpack","message":"Activating"} []
[2020-07-06 05:13:39] merlin-logger.DEBUG: A plugin with the following data was processed {"plugin_slug":"jetpack"} []
[2020-07-06 05:13:40] merlin-logger.DEBUG: A plugin with the following data will be processed {"plugin_slug":"kirki","message":"Installing"} []
[2020-07-06 05:14:04] merlin-logger.DEBUG: A plugin with the following data will be processed {"plugin_slug":"kirki","message":"Activating"} []
[2020-07-06 05:14:06] merlin-logger.DEBUG: A plugin with the following data was processed {"plugin_slug":"kirki"} []
[2020-07-06 05:14:07] merlin-logger.DEBUG: A plugin with the following data will be processed {"plugin_slug":"mailchimp","message":"Installing"} []
[2020-07-06 05:14:21] merlin-logger.DEBUG: A plugin with the following data will be processed {"plugin_slug":"mailchimp","message":"Activating"} []
[2020-07-06 05:14:23] merlin-logger.DEBUG: A plugin with the following data was processed {"plugin_slug":"mailchimp"} []
[2020-07-06 05:14:27] merlin-logger.DEBUG: The content import step has been displayed [] []
[2020-07-06 05:34:55] merlin-logger.INFO: The content import AJAX call will be executed with this import data {"title":"Content","data":"D:\\Projects\\xampp\\htdocs\\projects\\meissam/wp-content/uploads/2020/07/content-2020-07-06__05-34-43.xml"} []
[2020-07-06 05:34:56] merlin-logger.DEBUG: The Hello world post status was set to draft [] []
[2020-07-06 05:34:56] merlin-logger.INFO: Imported "Fashion" (category) [] []
[2020-07-06 05:34:56] merlin-logger.DEBUG: Term 2 remapped to 2 [] []
[2020-07-06 05:34:56] merlin-logger.INFO: Imported "Inspiration" (category) [] []
[2020-07-06 05:34:56] merlin-logger.DEBUG: Term 4 remapped to 3 [] []
[2020-07-06 05:34:56] merlin-logger.INFO: Imported "Lifestyle" (category) [] []
[2020-07-06 05:34:56] merlin-logger.DEBUG: Term 3 remapped to 4 [] []
[2020-07-06 05:34:57] merlin-logger.INFO: Imported "Menu" (nav_menu) [] []
[2020-07-06 05:34:57] merlin-logger.DEBUG: Term 5 remapped to 5 [] []
[2020-07-06 05:34:57] merlin-logger.INFO: Imported "Social Menu" (nav_menu) [] []
[2020-07-06 05:34:57] merlin-logger.DEBUG: Term 6 remapped to 6 [] []
[2020-07-06 05:35:04] merlin-logger.INFO: Imported "post1.1" (Media) [] []
[2020-07-06 05:35:04] merlin-logger.DEBUG: Post 52 remapped to 52 [] []
[2020-07-06 05:35:11] merlin-logger.INFO: Imported "post2.2" (Media) [] []
[2020-07-06 05:35:11] merlin-logger.DEBUG: Post 62 remapped to 62 [] []
[2020-07-06 05:35:14] merlin-logger.INFO: Imported "post3.1" (Media) [] []
[2020-07-06 05:35:14] merlin-logger.DEBUG: Post 73 remapped to 73 [] []
[2020-07-06 05:35:18] merlin-logger.INFO: Imported "post6.1" (Media) [] []
[2020-07-06 05:35:18] merlin-logger.DEBUG: Post 114 remapped to 114 [] []
[2020-07-06 05:35:18] merlin-logger.INFO: New AJAX call! [] []
[2020-07-06 05:35:19] merlin-logger.INFO: The content import AJAX call will be executed with this import data {"title":"Content","data":"D:\\Projects\\xampp\\htdocs\\projects\\meissam/wp-content/uploads/2020/07/content-2020-07-06__05-34-43.xml"} []
[2020-07-06 05:35:19] merlin-logger.DEBUG: The Hello world post status was set to draft [] []
[2020-07-06 05:35:23] merlin-logger.INFO: Imported "post-li12" (Media) [] []
[2020-07-06 05:35:23] merlin-logger.DEBUG: Post 670 remapped to 670 [] []
[2020-07-06 05:35:27] merlin-logger.INFO: Imported "post-li3" (Media) [] []
[2020-07-06 05:35:27] merlin-logger.DEBUG: Post 673 remapped to 673 [] []
[2020-07-06 05:35:32] merlin-logger.INFO: Imported "post-li5" (Media) [] []
[2020-07-06 05:35:32] merlin-logger.DEBUG: Post 675 remapped to 675 [] []
[2020-07-06 05:35:42] merlin-logger.INFO: Imported "post-li4" (Media) [] []
[2020-07-06 05:35:42] merlin-logger.DEBUG: Post 677 remapped to 677 [] []
[2020-07-06 05:35:43] merlin-logger.INFO: New AJAX call! [] []
[2020-07-06 05:35:44] merlin-logger.INFO: The content import AJAX call will be executed with this import data {"title":"Content","data":"D:\\Projects\\xampp\\htdocs\\projects\\meissam/wp-content/uploads/2020/07/content-2020-07-06__05-34-43.xml"} []
[2020-07-06 05:35:45] merlin-logger.DEBUG: The Hello world post status was set to draft [] []
[2020-07-06 05:35:56] merlin-logger.INFO: Imported "post-li7" (Media) [] []
[2020-07-06 05:35:56] merlin-logger.DEBUG: Post 678 remapped to 678 [] []
[2020-07-06 05:36:01] merlin-logger.INFO: Imported "post-li6" (Media) [] []
[2020-07-06 05:36:01] merlin-logger.DEBUG: Post 680 remapped to 680 [] []
[2020-07-06 05:36:25] merlin-logger.INFO: Imported "post-li10" (Media) [] []
[2020-07-06 05:36:25] merlin-logger.DEBUG: Post 682 remapped to 682 [] []
[2020-07-06 05:36:25] merlin-logger.INFO: New AJAX call! [] []
[2020-07-06 05:36:26] merlin-logger.INFO: The content import AJAX call will be executed with this import data {"title":"Content","data":"D:\\Projects\\xampp\\htdocs\\projects\\meissam/wp-content/uploads/2020/07/content-2020-07-06__05-34-43.xml"} []
[2020-07-06 05:36:26] merlin-logger.DEBUG: The Hello world post status was set to draft [] []
[2020-07-06 05:36:37] merlin-logger.INFO: Imported "post-li13" (Media) [] []
[2020-07-06 05:36:37] merlin-logger.DEBUG: Post 684 remapped to 684 [] []
[2020-07-06 05:36:45] merlin-logger.INFO: Imported "post-li1" (Media) [] []
[2020-07-06 05:36:45] merlin-logger.DEBUG: Post 685 remapped to 685 [] []
[2020-07-06 05:36:58] merlin-logger.INFO: Imported "post-li14" (Media) [] []
[2020-07-06 05:36:58] merlin-logger.DEBUG: Post 687 remapped to 687 [] []
[2020-07-06 05:36:58] merlin-logger.INFO: New AJAX call! [] []
[2020-07-06 05:36:59] merlin-logger.INFO: The content import AJAX call will be executed with this import data {"title":"Content","data":"D:\\Projects\\xampp\\htdocs\\projects\\meissam/wp-content/uploads/2020/07/content-2020-07-06__05-34-43.xml"} []
[2020-07-06 05:36:59] merlin-logger.DEBUG: The Hello world post status was set to draft [] []
[2020-07-06 05:37:05] merlin-logger.INFO: Imported "post-li16" (Media) [] []
[2020-07-06 05:37:05] merlin-logger.DEBUG: Post 688 remapped to 688 [] []
[2020-07-06 05:37:08] merlin-logger.INFO: Imported "post-li17" (Media) [] []
[2020-07-06 05:37:08] merlin-logger.DEBUG: Post 690 remapped to 690 [] []
[2020-07-06 05:37:15] merlin-logger.INFO: Imported "post-li18" (Media) [] []
[2020-07-06 05:37:15] merlin-logger.DEBUG: Post 692 remapped to 692 [] []
[2020-07-06 05:37:38] merlin-logger.INFO: Imported "post-li19" (Media) [] []
[2020-07-06 05:37:38] merlin-logger.DEBUG: Post 694 remapped to 694 [] []
[2020-07-06 05:37:38] merlin-logger.INFO: New AJAX call! [] []
[2020-07-06 05:37:39] merlin-logger.INFO: The content import AJAX call will be executed with this import data {"title":"Content","data":"D:\\Projects\\xampp\\htdocs\\projects\\meissam/wp-content/uploads/2020/07/content-2020-07-06__05-34-43.xml"} []
[2020-07-06 05:37:40] merlin-logger.DEBUG: The Hello world post status was set to draft [] []
[2020-07-06 05:37:43] merlin-logger.INFO: Imported "post-li20" (Media) [] []
[2020-07-06 05:37:43] merlin-logger.DEBUG: Post 695 remapped to 695 [] []
[2020-07-06 05:37:45] merlin-logger.INFO: Imported "logo" (Media) [] []
[2020-07-06 05:37:45] merlin-logger.DEBUG: Post 697 remapped to 697 [] []
[2020-07-06 05:37:46] merlin-logger.INFO: Imported "The Best Street Style Looks From Paris Fashion Week" (Post) [] []
[2020-07-06 05:37:46] merlin-logger.DEBUG: Post 14 remapped to 14 [] []
[2020-07-06 05:37:47] merlin-logger.INFO: Imported "Interview: Erica Jensen" (Post) [] []
[2020-07-06 05:37:47] merlin-logger.DEBUG: Post 54 remapped to 54 [] []
[2020-07-06 05:37:48] merlin-logger.INFO: Imported "Behind the Scenes of the Warm Weather Collection" (Post) [] []
[2020-07-06 05:37:48] merlin-logger.DEBUG: Post 77 remapped to 77 [] []
[2020-07-06 05:37:50] merlin-logger.INFO: Imported "New season, New You" (Post) [] []
[2020-07-06 05:37:50] merlin-logger.DEBUG: Post 119 remapped to 119 [] []
[2020-07-06 05:37:50] merlin-logger.INFO: Imported "Fall Inspiration" (Post) [] []
[2020-07-06 05:37:50] merlin-logger.DEBUG: Post 130 remapped to 130 [] []
[2020-07-06 05:37:52] merlin-logger.INFO: Imported "Colors You Should Be Wearing This Season" (Post) [] []
[2020-07-06 05:37:52] merlin-logger.DEBUG: Post 157 remapped to 157 [] []
[2020-07-06 05:37:53] merlin-logger.INFO: Imported "Trend Report: White Noise" (Post) [] []
[2020-07-06 05:37:53] merlin-logger.DEBUG: Post 168 remapped to 168 [] []
[2020-07-06 05:37:57] merlin-logger.INFO: Imported "Choosing the Right Frame" (Post) [] []
[2020-07-06 05:37:57] merlin-logger.DEBUG: Post 171 remapped to 171 [] []
[2020-07-06 05:37:59] merlin-logger.INFO: Imported "About" (Page) [] []
[2020-07-06 05:37:59] merlin-logger.DEBUG: Post 638 remapped to 638 [] []
[2020-07-06 05:37:59] merlin-logger.INFO: Imported "Contact" (Page) [] []
[2020-07-06 05:37:59] merlin-logger.DEBUG: Post 640 remapped to 640 [] []
[2020-07-06 05:37:59] merlin-logger.INFO: Imported "Home" (Navigation Menu Item) [] []
[2020-07-06 05:37:59] merlin-logger.DEBUG: Post 642 remapped to 642 [] []
[2020-07-06 05:38:01] merlin-logger.DEBUG: Processing menu item custom [] []
[2020-07-06 05:38:01] merlin-logger.DEBUG: Menu item 642 mapped to 642 [] []
[2020-07-06 05:38:01] merlin-logger.INFO: New AJAX call! [] []
[2020-07-06 05:38:04] merlin-logger.INFO: The content import AJAX call will be executed with this import data {"title":"Content","data":"D:\\Projects\\xampp\\htdocs\\projects\\meissam/wp-content/uploads/2020/07/content-2020-07-06__05-34-43.xml"} []
[2020-07-06 05:38:05] merlin-logger.DEBUG: The Hello world post status was set to draft [] []
[2020-07-06 05:38:05] merlin-logger.INFO: Imported "" (Navigation Menu Item) [] []
[2020-07-06 05:38:05] merlin-logger.DEBUG: Post 643 remapped to 643 [] []
[2020-07-06 05:38:06] merlin-logger.DEBUG: Processing menu item post_type [] []
[2020-07-06 05:38:06] merlin-logger.DEBUG: Menu item 638 mapped to 638 [] []
[2020-07-06 05:38:06] merlin-logger.INFO: Imported "" (Navigation Menu Item) [] []
[2020-07-06 05:38:06] merlin-logger.DEBUG: Post 644 remapped to 644 [] []
[2020-07-06 05:38:08] merlin-logger.DEBUG: Processing menu item post_type [] []
[2020-07-06 05:38:08] merlin-logger.DEBUG: Menu item 640 mapped to 640 [] []
[2020-07-06 05:38:10] merlin-logger.INFO: Imported "site-logo" (Media) [] []
[2020-07-06 05:38:10] merlin-logger.DEBUG: Post 698 remapped to 698 [] []
[2020-07-06 05:38:13] merlin-logger.INFO: Imported "cropped-site-logo.png" (Media) [] []
[2020-07-06 05:38:13] merlin-logger.DEBUG: Post 699 remapped to 699 [] []
[2020-07-06 05:38:17] merlin-logger.INFO: Imported "about3" (Media) [] []
[2020-07-06 05:38:17] merlin-logger.DEBUG: Post 701 remapped to 701 [] []
[2020-07-06 05:38:18] merlin-logger.INFO: Imported "Facebook" (Navigation Menu Item) [] []
[2020-07-06 05:38:18] merlin-logger.DEBUG: Post 714 remapped to 714 [] []
[2020-07-06 05:38:19] merlin-logger.DEBUG: Processing menu item custom [] []
[2020-07-06 05:38:19] merlin-logger.DEBUG: Menu item 714 mapped to 714 [] []
[2020-07-06 05:38:19] merlin-logger.INFO: Imported "Twitter" (Navigation Menu Item) [] []
[2020-07-06 05:38:19] merlin-logger.DEBUG: Post 715 remapped to 715 [] []
[2020-07-06 05:38:21] merlin-logger.DEBUG: Processing menu item custom [] []
[2020-07-06 05:38:21] merlin-logger.DEBUG: Menu item 715 mapped to 715 [] []
[2020-07-06 05:38:21] merlin-logger.INFO: Imported "Instagram" (Navigation Menu Item) [] []
[2020-07-06 05:38:21] merlin-logger.DEBUG: Post 716 remapped to 716 [] []
[2020-07-06 05:38:22] merlin-logger.DEBUG: Processing menu item custom [] []
[2020-07-06 05:38:22] merlin-logger.DEBUG: Menu item 716 mapped to 716 [] []
[2020-07-06 05:38:22] merlin-logger.INFO: Imported "Pinterest" (Navigation Menu Item) [] []
[2020-07-06 05:38:22] merlin-logger.DEBUG: Post 717 remapped to 717 [] []
[2020-07-06 05:38:23] merlin-logger.DEBUG: Processing menu item custom [] []
[2020-07-06 05:38:23] merlin-logger.DEBUG: Menu item 717 mapped to 717 [] []
[2020-07-06 05:38:24] merlin-logger.INFO: Imported "Enhance Your Summer Look With These Style Tips" (Post) [] []
[2020-07-06 05:38:24] merlin-logger.DEBUG: Post 64 remapped to 64 [] []
[2020-07-06 05:38:25] merlin-logger.INFO: New AJAX call! [] []
[2020-07-06 05:38:27] merlin-logger.INFO: The content import AJAX call will be executed with this import data {"title":"Content","data":"D:\\Projects\\xampp\\htdocs\\projects\\meissam/wp-content/uploads/2020/07/content-2020-07-06__05-34-43.xml"} []
[2020-07-06 05:38:28] merlin-logger.DEBUG: The Hello world post status was set to draft [] []
[2020-07-06 05:38:28] merlin-logger.INFO: Imported "Blue Jeans, Baby" (Post) [] []
[2020-07-06 05:38:28] merlin-logger.DEBUG: Post 112 remapped to 112 [] []
[2020-07-06 05:38:29] merlin-logger.DEBUG: Running post-processing for post 52 [] []
[2020-07-06 05:38:29] merlin-logger.WARNING: Could not find the author for "post1.1" (post #52) [] []
[2020-07-06 05:38:29] merlin-logger.DEBUG: Post 52 was imported with author "meiadmin", but could not be found [] []
[2020-07-06 05:38:29] merlin-logger.DEBUG: Post 52 was marked for post-processing, but none was required. [] []
[2020-07-06 05:38:29] merlin-logger.DEBUG: Running post-processing for post 62 [] []
[2020-07-06 05:38:29] merlin-logger.WARNING: Could not find the author for "post2.2" (post #62) [] []
[2020-07-06 05:38:29] merlin-logger.DEBUG: Post 62 was imported with author "meiadmin", but could not be found [] []
[2020-07-06 05:38:29] merlin-logger.DEBUG: Post 62 was marked for post-processing, but none was required. [] []
[2020-07-06 05:38:29] merlin-logger.DEBUG: Running post-processing for post 73 [] []
[2020-07-06 05:38:29] merlin-logger.WARNING: Could not find the author for "post3.1" (post #73) [] []
[2020-07-06 05:38:29] merlin-logger.DEBUG: Post 73 was imported with author "meiadmin", but could not be found [] []
[2020-07-06 05:38:29] merlin-logger.DEBUG: Post 73 was marked for post-processing, but none was required. [] []
[2020-07-06 05:38:29] merlin-logger.DEBUG: Running post-processing for post 114 [] []
[2020-07-06 05:38:29] merlin-logger.WARNING: Could not find the author for "post6.1" (post #114) [] []
[2020-07-06 05:38:29] merlin-logger.DEBUG: Post 114 was imported with author "meiadmin", but could not be found [] []
[2020-07-06 05:38:29] merlin-logger.DEBUG: Post 114 was marked for post-processing, but none was required. [] []
[2020-07-06 05:38:29] merlin-logger.DEBUG: Running post-processing for post 670 [] []
[2020-07-06 05:38:29] merlin-logger.WARNING: Could not find the author for "post-li12" (post #670) [] []
[2020-07-06 05:38:29] merlin-logger.DEBUG: Post 670 was imported with author "meiadmin", but could not be found [] []
[2020-07-06 05:38:29] merlin-logger.DEBUG: Running post-processing for post 673 [] []
[2020-07-06 05:38:29] merlin-logger.WARNING: Could not find the author for "post-li3" (post #673) [] []
[2020-07-06 05:38:29] merlin-logger.DEBUG: Post 673 was imported with author "meiadmin", but could not be found [] []
[2020-07-06 05:38:29] merlin-logger.DEBUG: Running post-processing for post 675 [] []
[2020-07-06 05:38:29] merlin-logger.WARNING: Could not find the author for "post-li5" (post #675) [] []
[2020-07-06 05:38:29] merlin-logger.DEBUG: Post 675 was imported with author "meiadmin", but could not be found [] []
[2020-07-06 05:38:30] merlin-logger.DEBUG: Running post-processing for post 677 [] []
[2020-07-06 05:38:30] merlin-logger.WARNING: Could not find the author for "post-li4" (post #677) [] []
[2020-07-06 05:38:30] merlin-logger.DEBUG: Post 677 was imported with author "meiadmin", but could not be found [] []
[2020-07-06 05:38:30] merlin-logger.DEBUG: Running post-processing for post 678 [] []
[2020-07-06 05:38:30] merlin-logger.WARNING: Could not find the author for "post-li7" (post #678) [] []
[2020-07-06 05:38:30] merlin-logger.DEBUG: Post 678 was imported with author "meiadmin", but could not be found [] []
[2020-07-06 05:38:30] merlin-logger.DEBUG: Running post-processing for post 680 [] []
[2020-07-06 05:38:30] merlin-logger.WARNING: Could not find the author for "post-li6" (post #680) [] []
[2020-07-06 05:38:30] merlin-logger.DEBUG: Post 680 was imported with author "meiadmin", but could not be found [] []
[2020-07-06 05:38:30] merlin-logger.DEBUG: Running post-processing for post 682 [] []
[2020-07-06 05:38:31] merlin-logger.WARNING: Could not find the author for "post-li10" (post #682) [] []
[2020-07-06 05:38:31] merlin-logger.DEBUG: Post 682 was imported with author "meiadmin", but could not be found [] []
[2020-07-06 05:38:31] merlin-logger.DEBUG: Running post-processing for post 684 [] []
[2020-07-06 05:38:31] merlin-logger.WARNING: Could not find the author for "post-li13" (post #684) [] []
[2020-07-06 05:38:31] merlin-logger.DEBUG: Post 684 was imported with author "meiadmin", but could not be found [] []
[2020-07-06 05:38:32] merlin-logger.DEBUG: Running post-processing for post 685 [] []
[2020-07-06 05:38:32] merlin-logger.WARNING: Could not find the author for "post-li1" (post #685) [] []
[2020-07-06 05:38:32] merlin-logger.DEBUG: Post 685 was imported with author "meiadmin", but could not be found [] []
[2020-07-06 05:38:32] merlin-logger.DEBUG: Running post-processing for post 687 [] []
[2020-07-06 05:38:32] merlin-logger.WARNING: Could not find the author for "post-li14" (post #687) [] []
[2020-07-06 05:38:32] merlin-logger.DEBUG: Post 687 was imported with author "meiadmin", but could not be found [] []
[2020-07-06 05:38:33] merlin-logger.DEBUG: Running post-processing for post 688 [] []
[2020-07-06 05:38:33] merlin-logger.WARNING: Could not find the author for "post-li16" (post #688) [] []
[2020-07-06 05:38:33] merlin-logger.DEBUG: Post 688 was imported with author "meiadmin", but could not be found [] []
[2020-07-06 05:38:33] merlin-logger.DEBUG: Running post-processing for post 690 [] []
[2020-07-06 05:38:33] merlin-logger.WARNING: Could not find the author for "post-li17" (post #690) [] []
[2020-07-06 05:38:33] merlin-logger.DEBUG: Post 690 was imported with author "meiadmin", but could not be found [] []
[2020-07-06 05:38:34] merlin-logger.DEBUG: Running post-processing for post 692 [] []
[2020-07-06 05:38:34] merlin-logger.WARNING: Could not find the author for "post-li18" (post #692) [] []
[2020-07-06 05:38:34] merlin-logger.DEBUG: Post 692 was imported with author "meiadmin", but could not be found [] []
[2020-07-06 05:38:34] merlin-logger.DEBUG: Running post-processing for post 694 [] []
[2020-07-06 05:38:34] merlin-logger.WARNING: Could not find the author for "post-li19" (post #694) [] []
[2020-07-06 05:38:34] merlin-logger.DEBUG: Post 694 was imported with author "meiadmin", but could not be found [] []
[2020-07-06 05:38:34] merlin-logger.DEBUG: Running post-processing for post 695 [] []
[2020-07-06 05:38:34] merlin-logger.WARNING: Could not find the author for "post-li20" (post #695) [] []
[2020-07-06 05:38:34] merlin-logger.DEBUG: Post 695 was imported with author "meiadmin", but could not be found [] []
[2020-07-06 05:38:35] merlin-logger.DEBUG: Running post-processing for post 697 [] []
[2020-07-06 05:38:35] merlin-logger.WARNING: Could not find the author for "logo" (post #697) [] []
[2020-07-06 05:38:35] merlin-logger.DEBUG: Post 697 was imported with author "meiadmin", but could not be found [] []
[2020-07-06 05:38:35] merlin-logger.DEBUG: Post 697 was marked for post-processing, but none was required. [] []
[2020-07-06 05:38:35] merlin-logger.DEBUG: Running post-processing for post 14 [] []
[2020-07-06 05:38:35] merlin-logger.WARNING: Could not find the author for "The Best Street Style Looks From Paris Fashion Week" (post #14) [] []
[2020-07-06 05:38:35] merlin-logger.DEBUG: Post 14 was imported with author "meiadmin", but could not be found [] []
[2020-07-06 05:38:35] merlin-logger.DEBUG: Running post-processing for post 54 [] []
[2020-07-06 05:38:35] merlin-logger.WARNING: Could not find the author for "Interview: Erica Jensen" (post #54) [] []
[2020-07-06 05:38:35] merlin-logger.DEBUG: Post 54 was imported with author "meiadmin", but could not be found [] []
[2020-07-06 05:38:35] merlin-logger.DEBUG: Post 54 was marked for post-processing, but none was required. [] []
[2020-07-06 05:38:35] merlin-logger.DEBUG: Running post-processing for post 77 [] []
[2020-07-06 05:38:35] merlin-logger.WARNING: Could not find the author for "Behind the Scenes of the Warm Weather Collection" (post #77) [] []
[2020-07-06 05:38:35] merlin-logger.DEBUG: Post 77 was imported with author "meiadmin", but could not be found [] []
[2020-07-06 05:38:36] merlin-logger.DEBUG: Running post-processing for post 119 [] []
[2020-07-06 05:38:36] merlin-logger.WARNING: Could not find the author for "New season, New You" (post #119) [] []
[2020-07-06 05:38:36] merlin-logger.DEBUG: Post 119 was imported with author "meiadmin", but could not be found [] []
[2020-07-06 05:38:37] merlin-logger.DEBUG: Running post-processing for post 130 [] []
[2020-07-06 05:38:37] merlin-logger.WARNING: Could not find the author for "Fall Inspiration" (post #130) [] []
[2020-07-06 05:38:37] merlin-logger.DEBUG: Post 130 was imported with author "meiadmin", but could not be found [] []
[2020-07-06 05:38:37] merlin-logger.DEBUG: Post 130 was marked for post-processing, but none was required. [] []
[2020-07-06 05:38:37] merlin-logger.DEBUG: Running post-processing for post 157 [] []
[2020-07-06 05:38:37] merlin-logger.WARNING: Could not find the author for "Colors You Should Be Wearing This Season" (post #157) [] []
[2020-07-06 05:38:37] merlin-logger.DEBUG: Post 157 was imported with author "meiadmin", but could not be found [] []
[2020-07-06 05:38:37] merlin-logger.DEBUG: Running post-processing for post 168 [] []
[2020-07-06 05:38:37] merlin-logger.WARNING: Could not find the author for "Trend Report: White Noise" (post #168) [] []
[2020-07-06 05:38:37] merlin-logger.DEBUG: Post 168 was imported with author "meiadmin", but could not be found [] []
[2020-07-06 05:38:38] merlin-logger.DEBUG: Running post-processing for post 171 [] []
[2020-07-06 05:38:38] merlin-logger.WARNING: Could not find the author for "Choosing the Right Frame" (post #171) [] []
[2020-07-06 05:38:38] merlin-logger.DEBUG: Post 171 was imported with author "meiadmin", but could not be found [] []
[2020-07-06 05:38:39] merlin-logger.DEBUG: Running post-processing for post 638 [] []
[2020-07-06 05:38:39] merlin-logger.WARNING: Could not find the author for "About" (post #638) [] []
[2020-07-06 05:38:39] merlin-logger.DEBUG: Post 638 was imported with author "meiadmin", but could not be found [] []
[2020-07-06 05:38:40] merlin-logger.DEBUG: Running post-processing for post 640 [] []
[2020-07-06 05:38:40] merlin-logger.WARNING: Could not find the author for "Contact" (post #640) [] []
[2020-07-06 05:38:40] merlin-logger.DEBUG: Post 640 was imported with author "meiadmin", but could not be found [] []
[2020-07-06 05:38:40] merlin-logger.DEBUG: Post 640 was marked for post-processing, but none was required. [] []
[2020-07-06 05:38:40] merlin-logger.DEBUG: Running post-processing for post 642 [] []
[2020-07-06 05:38:40] merlin-logger.WARNING: Could not find the author for "Home" (post #642) [] []
[2020-07-06 05:38:40] merlin-logger.DEBUG: Post 642 was imported with author "meiadmin", but could not be found [] []
[2020-07-06 05:38:40] merlin-logger.DEBUG: Post 642 was marked for post-processing, but none was required. [] []
[2020-07-06 05:38:40] merlin-logger.DEBUG: Running post-processing for post 643 [] []
[2020-07-06 05:38:40] merlin-logger.WARNING: Could not find the author for "" (post #643) [] []
[2020-07-06 05:38:40] merlin-logger.DEBUG: Post 643 was imported with author "meiadmin", but could not be found [] []
[2020-07-06 05:38:40] merlin-logger.DEBUG: Post 643 was marked for post-processing, but none was required. [] []
[2020-07-06 05:38:40] merlin-logger.DEBUG: Running post-processing for post 644 [] []
[2020-07-06 05:38:40] merlin-logger.WARNING: Could not find the author for "" (post #644) [] []
[2020-07-06 05:38:40] merlin-logger.DEBUG: Post 644 was imported with author "meiadmin", but could not be found [] []
[2020-07-06 05:38:40] merlin-logger.DEBUG: Post 644 was marked for post-processing, but none was required. [] []
[2020-07-06 05:38:40] merlin-logger.DEBUG: Running post-processing for post 698 [] []
[2020-07-06 05:38:40] merlin-logger.WARNING: Could not find the author for "site-logo" (post #698) [] []
[2020-07-06 05:38:40] merlin-logger.DEBUG: Post 698 was imported with author "meiadmin", but could not be found [] []
[2020-07-06 05:38:40] merlin-logger.DEBUG: Post 698 was marked for post-processing, but none was required. [] []
[2020-07-06 05:38:40] merlin-logger.DEBUG: Running post-processing for post 699 [] []
[2020-07-06 05:38:40] merlin-logger.WARNING: Could not find the author for "cropped-site-logo.png" (post #699) [] []
[2020-07-06 05:38:40] merlin-logger.DEBUG: Post 699 was imported with author "meiadmin", but could not be found [] []
[2020-07-06 05:38:40] merlin-logger.DEBUG: Post 699 was marked for post-processing, but none was required. [] []
[2020-07-06 05:38:40] merlin-logger.DEBUG: Running post-processing for post 701 [] []
[2020-07-06 05:38:40] merlin-logger.WARNING: Could not find the author for "about3" (post #701) [] []
[2020-07-06 05:38:40] merlin-logger.DEBUG: Post 701 was imported with author "meiadmin", but could not be found [] []
[2020-07-06 05:38:40] merlin-logger.DEBUG: Post 701 was marked for post-processing, but none was required. [] []
[2020-07-06 05:38:40] merlin-logger.DEBUG: Running post-processing for post 714 [] []
[2020-07-06 05:38:40] merlin-logger.WARNING: Could not find the author for "Facebook" (post #714) [] []
[2020-07-06 05:38:40] merlin-logger.DEBUG: Post 714 was imported with author "meiadmin", but could not be found [] []
[2020-07-06 05:38:40] merlin-logger.DEBUG: Post 714 was marked for post-processing, but none was required. [] []
[2020-07-06 05:38:40] merlin-logger.DEBUG: Running post-processing for post 715 [] []
[2020-07-06 05:38:40] merlin-logger.WARNING: Could not find the author for "Twitter" (post #715) [] []
[2020-07-06 05:38:40] merlin-logger.DEBUG: Post 715 was imported with author "meiadmin", but could not be found [] []
[2020-07-06 05:38:40] merlin-logger.DEBUG: Post 715 was marked for post-processing, but none was required. [] []
[2020-07-06 05:38:40] merlin-logger.DEBUG: Running post-processing for post 716 [] []
[2020-07-06 05:38:40] merlin-logger.WARNING: Could not find the author for "Instagram" (post #716) [] []
[2020-07-06 05:38:40] merlin-logger.DEBUG: Post 716 was imported with author "meiadmin", but could not be found [] []
[2020-07-06 05:38:40] merlin-logger.DEBUG: Post 716 was marked for post-processing, but none was required. [] []
[2020-07-06 05:38:40] merlin-logger.DEBUG: Running post-processing for post 717 [] []
[2020-07-06 05:38:40] merlin-logger.WARNING: Could not find the author for "Pinterest" (post #717) [] []
[2020-07-06 05:38:40] merlin-logger.DEBUG: Post 717 was imported with author "meiadmin", but could not be found [] []
[2020-07-06 05:38:40] merlin-logger.DEBUG: Post 717 was marked for post-processing, but none was required. [] []
[2020-07-06 05:38:40] merlin-logger.DEBUG: Running post-processing for post 64 [] []
[2020-07-06 05:38:40] merlin-logger.WARNING: Could not find the author for "Enhance Your Summer Look With These Style Tips" (post #64) [] []
[2020-07-06 05:38:40] merlin-logger.DEBUG: Post 64 was imported with author "meiadmin", but could not be found [] []
[2020-07-06 05:38:41] merlin-logger.DEBUG: Running post-processing for post 112 [] []
[2020-07-06 05:38:41] merlin-logger.WARNING: Could not find the author for "Blue Jeans, Baby" (post #112) [] []
[2020-07-06 05:38:41] merlin-logger.DEBUG: Post 112 was imported with author "meiadmin", but could not be found [] []
[2020-07-06 05:38:41] merlin-logger.INFO: Starting remapping of featured images [] []
[2020-07-06 05:38:46] merlin-logger.INFO: The content import AJAX call will be executed with this import data {"title":"Widgets","data":"D:\\Projects\\xampp\\htdocs\\projects\\meissam/wp-content/uploads/2020/07/widgets-2020-07-06__05-34-43.json"} []
[2020-07-06 05:38:47] merlin-logger.DEBUG: Sidebar :   Text - No Title - Imported Navigation Menu - Folow - Imported   [] []
[2020-07-06 05:38:49] merlin-logger.INFO: The content import AJAX call will be executed with this import data {"title":"Options","data":"D:\\Projects\\xampp\\htdocs\\projects\\meissam/wp-content/uploads/2020/07/options-2020-07-06__05-34-43.dat"} []
[2020-07-06 05:38:51] merlin-logger.INFO: The customizer import has finished successfully [] []
[2020-07-06 05:38:56] merlin-logger.DEBUG: The final step has been displayed [] []
